<?xml version="1.0" encoding="UTF-8"?>
<!-- Generated by org.testng.reporters.JUnitReportReporter -->
<testsuite hostname="DESKTOP-VR4FGIR" name="selrelated.virtusa" tests="2" failures="0" timestamp="26 Apr 2021 03:17:46 GMT" time="26.541" errors="0">
  <testcase name="palindrometest" time="26.296" classname="selrelated.virtusa"/>
  <testcase name="anagramtest" time="0.245" classname="selrelated.virtusa"/>
</testsuite> <!-- selrelated.virtusa -->
